
*** Running vivado
    with args -log Alu.vdi -applog -m64 -product Vivado -messageDb vivado.pb -mode batch -source Alu.tcl -notrace


****** Vivado v2019.2 (64-bit)
  **** SW Build 2708876 on Wed Nov  6 21:40:23 MST 2019
  **** IP Build 2700528 on Thu Nov  7 00:09:20 MST 2019
    ** Copyright 1986-2019 Xilinx, Inc. All Rights Reserved.

source Alu.tcl -notrace
Command: link_design -top Alu -part xc7a35tcpg236-1
Design is defaulting to srcset: sources_1
Design is defaulting to constrset: constrs_1
INFO: [Device 21-403] Loading part xc7a35tcpg236-1
Netlist sorting complete. Time (s): cpu = 00:00:00 ; elapsed = 00:00:00.002 . Memory (MB): peak = 576.695 ; gain = 0.000
INFO: [Project 1-479] Netlist was created with Vivado 2019.2
INFO: [Project 1-570] Preparing netlist for logic optimization
Parsing XDC File [C:/Users/vaklap/lab5/lab5.srcs/constrs_1/new/constr.xdc]
INFO: [Timing 38-35] Done setting XDC timing constraints. [C:/Users/vaklap/lab5/lab5.srcs/constrs_1/new/constr.xdc:1]
INFO: [Vivado 12-2286] Implicit search of objects for pattern '*' matched to 'port' objects. [C:/Users/vaklap/lab5/lab5.srcs/constrs_1/new/constr.xdc:1]
Resolution: To avoid ambiguous patterns, provide proper objects using get commands e.g. [get_nets xyz].
INFO: [Vivado 12-2286] Implicit search of objects for pattern '*' matched to 'port' objects. [C:/Users/vaklap/lab5/lab5.srcs/constrs_1/new/constr.xdc:1]
Resolution: To avoid ambiguous patterns, provide proper objects using get commands e.g. [get_nets xyz].
WARNING: [Constraints 18-402] set_max_delay: 'Out[0]' is not a valid startpoint. [C:/Users/vaklap/lab5/lab5.srcs/constrs_1/new/constr.xdc:1]
Resolution: A valid start point is a main or generated clock pin or port, a clock pin of a sequential cell, or a primary input or inout port. Please validate that all the objects returned by your query belong to this list.
WARNING: [Constraints 18-402] set_max_delay: 'Out[10]' is not a valid startpoint. [C:/Users/vaklap/lab5/lab5.srcs/constrs_1/new/constr.xdc:1]
Resolution: A valid start point is a main or generated clock pin or port, a clock pin of a sequential cell, or a primary input or inout port. Please validate that all the objects returned by your query belong to this list.
WARNING: [Constraints 18-402] set_max_delay: 'Out[11]' is not a valid startpoint. [C:/Users/vaklap/lab5/lab5.srcs/constrs_1/new/constr.xdc:1]
Resolution: A valid start point is a main or generated clock pin or port, a clock pin of a sequential cell, or a primary input or inout port. Please validate that all the objects returned by your query belong to this list.
WARNING: [Constraints 18-402] set_max_delay: 'Out[12]' is not a valid startpoint. [C:/Users/vaklap/lab5/lab5.srcs/constrs_1/new/constr.xdc:1]
Resolution: A valid start point is a main or generated clock pin or port, a clock pin of a sequential cell, or a primary input or inout port. Please validate that all the objects returned by your query belong to this list.
WARNING: [Constraints 18-402] set_max_delay: 'Out[13]' is not a valid startpoint. [C:/Users/vaklap/lab5/lab5.srcs/constrs_1/new/constr.xdc:1]
Resolution: A valid start point is a main or generated clock pin or port, a clock pin of a sequential cell, or a primary input or inout port. Please validate that all the objects returned by your query belong to this list.
WARNING: [Constraints 18-402] set_max_delay: 'Out[14]' is not a valid startpoint. [C:/Users/vaklap/lab5/lab5.srcs/constrs_1/new/constr.xdc:1]
Resolution: A valid start point is a main or generated clock pin or port, a clock pin of a sequential cell, or a primary input or inout port. Please validate that all the objects returned by your query belong to this list.
WARNING: [Constraints 18-402] set_max_delay: 'Out[15]' is not a valid startpoint. [C:/Users/vaklap/lab5/lab5.srcs/constrs_1/new/constr.xdc:1]
Resolution: A valid start point is a main or generated clock pin or port, a clock pin of a sequential cell, or a primary input or inout port. Please validate that all the objects returned by your query belong to this list.
WARNING: [Constraints 18-402] set_max_delay: 'Out[16]' is not a valid startpoint. [C:/Users/vaklap/lab5/lab5.srcs/constrs_1/new/constr.xdc:1]
Resolution: A valid start point is a main or generated clock pin or port, a clock pin of a sequential cell, or a primary input or inout port. Please validate that all the objects returned by your query belong to this list.
WARNING: [Constraints 18-402] set_max_delay: 'Out[17]' is not a valid startpoint. [C:/Users/vaklap/lab5/lab5.srcs/constrs_1/new/constr.xdc:1]
Resolution: A valid start point is a main or generated clock pin or port, a clock pin of a sequential cell, or a primary input or inout port. Please validate that all the objects returned by your query belong to this list.
WARNING: [Constraints 18-402] set_max_delay: 'Out[18]' is not a valid startpoint. [C:/Users/vaklap/lab5/lab5.srcs/constrs_1/new/constr.xdc:1]
Resolution: A valid start point is a main or generated clock pin or port, a clock pin of a sequential cell, or a primary input or inout port. Please validate that all the objects returned by your query belong to this list.
WARNING: [Constraints 18-402] set_max_delay: 'Out[19]' is not a valid startpoint. [C:/Users/vaklap/lab5/lab5.srcs/constrs_1/new/constr.xdc:1]
Resolution: A valid start point is a main or generated clock pin or port, a clock pin of a sequential cell, or a primary input or inout port. Please validate that all the objects returned by your query belong to this list.
WARNING: [Constraints 18-402] set_max_delay: 'Out[1]' is not a valid startpoint. [C:/Users/vaklap/lab5/lab5.srcs/constrs_1/new/constr.xdc:1]
Resolution: A valid start point is a main or generated clock pin or port, a clock pin of a sequential cell, or a primary input or inout port. Please validate that all the objects returned by your query belong to this list.
WARNING: [Constraints 18-402] set_max_delay: 'Out[20]' is not a valid startpoint. [C:/Users/vaklap/lab5/lab5.srcs/constrs_1/new/constr.xdc:1]
Resolution: A valid start point is a main or generated clock pin or port, a clock pin of a sequential cell, or a primary input or inout port. Please validate that all the objects returned by your query belong to this list.
WARNING: [Constraints 18-402] set_max_delay: 'Out[21]' is not a valid startpoint. [C:/Users/vaklap/lab5/lab5.srcs/constrs_1/new/constr.xdc:1]
Resolution: A valid start point is a main or generated clock pin or port, a clock pin of a sequential cell, or a primary input or inout port. Please validate that all the objects returned by your query belong to this list.
WARNING: [Constraints 18-402] set_max_delay: 'Out[22]' is not a valid startpoint. [C:/Users/vaklap/lab5/lab5.srcs/constrs_1/new/constr.xdc:1]
Resolution: A valid start point is a main or generated clock pin or port, a clock pin of a sequential cell, or a primary input or inout port. Please validate that all the objects returned by your query belong to this list.
WARNING: [Constraints 18-402] set_max_delay: 'Out[23]' is not a valid startpoint. [C:/Users/vaklap/lab5/lab5.srcs/constrs_1/new/constr.xdc:1]
Resolution: A valid start point is a main or generated clock pin or port, a clock pin of a sequential cell, or a primary input or inout port. Please validate that all the objects returned by your query belong to this list.
WARNING: [Constraints 18-402] set_max_delay: 'Out[24]' is not a valid startpoint. [C:/Users/vaklap/lab5/lab5.srcs/constrs_1/new/constr.xdc:1]
Resolution: A valid start point is a main or generated clock pin or port, a clock pin of a sequential cell, or a primary input or inout port. Please validate that all the objects returned by your query belong to this list.
WARNING: [Constraints 18-402] set_max_delay: 'Out[25]' is not a valid startpoint. [C:/Users/vaklap/lab5/lab5.srcs/constrs_1/new/constr.xdc:1]
Resolution: A valid start point is a main or generated clock pin or port, a clock pin of a sequential cell, or a primary input or inout port. Please validate that all the objects returned by your query belong to this list.
WARNING: [Constraints 18-402] set_max_delay: 'Out[26]' is not a valid startpoint. [C:/Users/vaklap/lab5/lab5.srcs/constrs_1/new/constr.xdc:1]
Resolution: A valid start point is a main or generated clock pin or port, a clock pin of a sequential cell, or a primary input or inout port. Please validate that all the objects returned by your query belong to this list.
WARNING: [Constraints 18-402] set_max_delay: 'Out[27]' is not a valid startpoint. [C:/Users/vaklap/lab5/lab5.srcs/constrs_1/new/constr.xdc:1]
Resolution: A valid start point is a main or generated clock pin or port, a clock pin of a sequential cell, or a primary input or inout port. Please validate that all the objects returned by your query belong to this list.
WARNING: [Constraints 18-402] set_max_delay: 'Out[28]' is not a valid startpoint. [C:/Users/vaklap/lab5/lab5.srcs/constrs_1/new/constr.xdc:1]
Resolution: A valid start point is a main or generated clock pin or port, a clock pin of a sequential cell, or a primary input or inout port. Please validate that all the objects returned by your query belong to this list.
WARNING: [Constraints 18-402] set_max_delay: 'Out[29]' is not a valid startpoint. [C:/Users/vaklap/lab5/lab5.srcs/constrs_1/new/constr.xdc:1]
Resolution: A valid start point is a main or generated clock pin or port, a clock pin of a sequential cell, or a primary input or inout port. Please validate that all the objects returned by your query belong to this list.
WARNING: [Constraints 18-402] set_max_delay: 'Out[2]' is not a valid startpoint. [C:/Users/vaklap/lab5/lab5.srcs/constrs_1/new/constr.xdc:1]
Resolution: A valid start point is a main or generated clock pin or port, a clock pin of a sequential cell, or a primary input or inout port. Please validate that all the objects returned by your query belong to this list.
WARNING: [Constraints 18-402] set_max_delay: 'Out[30]' is not a valid startpoint. [C:/Users/vaklap/lab5/lab5.srcs/constrs_1/new/constr.xdc:1]
Resolution: A valid start point is a main or generated clock pin or port, a clock pin of a sequential cell, or a primary input or inout port. Please validate that all the objects returned by your query belong to this list.
WARNING: [Constraints 18-402] set_max_delay: 'Out[31]' is not a valid startpoint. [C:/Users/vaklap/lab5/lab5.srcs/constrs_1/new/constr.xdc:1]
Resolution: A valid start point is a main or generated clock pin or port, a clock pin of a sequential cell, or a primary input or inout port. Please validate that all the objects returned by your query belong to this list.
WARNING: [Constraints 18-402] set_max_delay: 'Out[3]' is not a valid startpoint. [C:/Users/vaklap/lab5/lab5.srcs/constrs_1/new/constr.xdc:1]
Resolution: A valid start point is a main or generated clock pin or port, a clock pin of a sequential cell, or a primary input or inout port. Please validate that all the objects returned by your query belong to this list.
WARNING: [Constraints 18-402] set_max_delay: 'Out[4]' is not a valid startpoint. [C:/Users/vaklap/lab5/lab5.srcs/constrs_1/new/constr.xdc:1]
Resolution: A valid start point is a main or generated clock pin or port, a clock pin of a sequential cell, or a primary input or inout port. Please validate that all the objects returned by your query belong to this list.
WARNING: [Constraints 18-402] set_max_delay: 'Out[5]' is not a valid startpoint. [C:/Users/vaklap/lab5/lab5.srcs/constrs_1/new/constr.xdc:1]
Resolution: A valid start point is a main or generated clock pin or port, a clock pin of a sequential cell, or a primary input or inout port. Please validate that all the objects returned by your query belong to this list.
WARNING: [Constraints 18-402] set_max_delay: 'Out[6]' is not a valid startpoint. [C:/Users/vaklap/lab5/lab5.srcs/constrs_1/new/constr.xdc:1]
Resolution: A valid start point is a main or generated clock pin or port, a clock pin of a sequential cell, or a primary input or inout port. Please validate that all the objects returned by your query belong to this list.
WARNING: [Constraints 18-402] set_max_delay: 'Out[7]' is not a valid startpoint. [C:/Users/vaklap/lab5/lab5.srcs/constrs_1/new/constr.xdc:1]
Resolution: A valid start point is a main or generated clock pin or port, a clock pin of a sequential cell, or a primary input or inout port. Please validate that all the objects returned by your query belong to this list.
WARNING: [Constraints 18-402] set_max_delay: 'Out[8]' is not a valid startpoint. [C:/Users/vaklap/lab5/lab5.srcs/constrs_1/new/constr.xdc:1]
Resolution: A valid start point is a main or generated clock pin or port, a clock pin of a sequential cell, or a primary input or inout port. Please validate that all the objects returned by your query belong to this list.
WARNING: [Constraints 18-402] set_max_delay: 'Out[9]' is not a valid startpoint. [C:/Users/vaklap/lab5/lab5.srcs/constrs_1/new/constr.xdc:1]
Resolution: A valid start point is a main or generated clock pin or port, a clock pin of a sequential cell, or a primary input or inout port. Please validate that all the objects returned by your query belong to this list.
WARNING: [Constraints 18-402] set_max_delay: 'flag' is not a valid startpoint. [C:/Users/vaklap/lab5/lab5.srcs/constrs_1/new/constr.xdc:1]
Resolution: A valid start point is a main or generated clock pin or port, a clock pin of a sequential cell, or a primary input or inout port. Please validate that all the objects returned by your query belong to this list.
WARNING: [Constraints 18-401] set_max_delay: 'A[0]' is not a valid endpoint. [C:/Users/vaklap/lab5/lab5.srcs/constrs_1/new/constr.xdc:1]
Resolution: A valid end point is a data pin of a sequential cell or a primary output or inout port. Please validate that all the objects returned by your query belong to this list.
WARNING: [Constraints 18-401] set_max_delay: 'A[10]' is not a valid endpoint. [C:/Users/vaklap/lab5/lab5.srcs/constrs_1/new/constr.xdc:1]
Resolution: A valid end point is a data pin of a sequential cell or a primary output or inout port. Please validate that all the objects returned by your query belong to this list.
WARNING: [Constraints 18-401] set_max_delay: 'A[11]' is not a valid endpoint. [C:/Users/vaklap/lab5/lab5.srcs/constrs_1/new/constr.xdc:1]
Resolution: A valid end point is a data pin of a sequential cell or a primary output or inout port. Please validate that all the objects returned by your query belong to this list.
WARNING: [Constraints 18-401] set_max_delay: 'A[12]' is not a valid endpoint. [C:/Users/vaklap/lab5/lab5.srcs/constrs_1/new/constr.xdc:1]
Resolution: A valid end point is a data pin of a sequential cell or a primary output or inout port. Please validate that all the objects returned by your query belong to this list.
WARNING: [Constraints 18-401] set_max_delay: 'A[13]' is not a valid endpoint. [C:/Users/vaklap/lab5/lab5.srcs/constrs_1/new/constr.xdc:1]
Resolution: A valid end point is a data pin of a sequential cell or a primary output or inout port. Please validate that all the objects returned by your query belong to this list.
WARNING: [Constraints 18-401] set_max_delay: 'A[14]' is not a valid endpoint. [C:/Users/vaklap/lab5/lab5.srcs/constrs_1/new/constr.xdc:1]
Resolution: A valid end point is a data pin of a sequential cell or a primary output or inout port. Please validate that all the objects returned by your query belong to this list.
WARNING: [Constraints 18-401] set_max_delay: 'A[15]' is not a valid endpoint. [C:/Users/vaklap/lab5/lab5.srcs/constrs_1/new/constr.xdc:1]
Resolution: A valid end point is a data pin of a sequential cell or a primary output or inout port. Please validate that all the objects returned by your query belong to this list.
WARNING: [Constraints 18-401] set_max_delay: 'A[16]' is not a valid endpoint. [C:/Users/vaklap/lab5/lab5.srcs/constrs_1/new/constr.xdc:1]
Resolution: A valid end point is a data pin of a sequential cell or a primary output or inout port. Please validate that all the objects returned by your query belong to this list.
WARNING: [Constraints 18-401] set_max_delay: 'A[17]' is not a valid endpoint. [C:/Users/vaklap/lab5/lab5.srcs/constrs_1/new/constr.xdc:1]
Resolution: A valid end point is a data pin of a sequential cell or a primary output or inout port. Please validate that all the objects returned by your query belong to this list.
WARNING: [Constraints 18-401] set_max_delay: 'A[18]' is not a valid endpoint. [C:/Users/vaklap/lab5/lab5.srcs/constrs_1/new/constr.xdc:1]
Resolution: A valid end point is a data pin of a sequential cell or a primary output or inout port. Please validate that all the objects returned by your query belong to this list.
WARNING: [Constraints 18-401] set_max_delay: 'A[19]' is not a valid endpoint. [C:/Users/vaklap/lab5/lab5.srcs/constrs_1/new/constr.xdc:1]
Resolution: A valid end point is a data pin of a sequential cell or a primary output or inout port. Please validate that all the objects returned by your query belong to this list.
WARNING: [Constraints 18-401] set_max_delay: 'A[1]' is not a valid endpoint. [C:/Users/vaklap/lab5/lab5.srcs/constrs_1/new/constr.xdc:1]
Resolution: A valid end point is a data pin of a sequential cell or a primary output or inout port. Please validate that all the objects returned by your query belong to this list.
WARNING: [Constraints 18-401] set_max_delay: 'A[20]' is not a valid endpoint. [C:/Users/vaklap/lab5/lab5.srcs/constrs_1/new/constr.xdc:1]
Resolution: A valid end point is a data pin of a sequential cell or a primary output or inout port. Please validate that all the objects returned by your query belong to this list.
WARNING: [Constraints 18-401] set_max_delay: 'A[21]' is not a valid endpoint. [C:/Users/vaklap/lab5/lab5.srcs/constrs_1/new/constr.xdc:1]
Resolution: A valid end point is a data pin of a sequential cell or a primary output or inout port. Please validate that all the objects returned by your query belong to this list.
WARNING: [Constraints 18-401] set_max_delay: 'A[22]' is not a valid endpoint. [C:/Users/vaklap/lab5/lab5.srcs/constrs_1/new/constr.xdc:1]
Resolution: A valid end point is a data pin of a sequential cell or a primary output or inout port. Please validate that all the objects returned by your query belong to this list.
WARNING: [Constraints 18-401] set_max_delay: 'A[23]' is not a valid endpoint. [C:/Users/vaklap/lab5/lab5.srcs/constrs_1/new/constr.xdc:1]
Resolution: A valid end point is a data pin of a sequential cell or a primary output or inout port. Please validate that all the objects returned by your query belong to this list.
WARNING: [Constraints 18-401] set_max_delay: 'A[24]' is not a valid endpoint. [C:/Users/vaklap/lab5/lab5.srcs/constrs_1/new/constr.xdc:1]
Resolution: A valid end point is a data pin of a sequential cell or a primary output or inout port. Please validate that all the objects returned by your query belong to this list.
WARNING: [Constraints 18-401] set_max_delay: 'A[25]' is not a valid endpoint. [C:/Users/vaklap/lab5/lab5.srcs/constrs_1/new/constr.xdc:1]
Resolution: A valid end point is a data pin of a sequential cell or a primary output or inout port. Please validate that all the objects returned by your query belong to this list.
WARNING: [Constraints 18-401] set_max_delay: 'A[26]' is not a valid endpoint. [C:/Users/vaklap/lab5/lab5.srcs/constrs_1/new/constr.xdc:1]
Resolution: A valid end point is a data pin of a sequential cell or a primary output or inout port. Please validate that all the objects returned by your query belong to this list.
WARNING: [Constraints 18-401] set_max_delay: 'A[27]' is not a valid endpoint. [C:/Users/vaklap/lab5/lab5.srcs/constrs_1/new/constr.xdc:1]
Resolution: A valid end point is a data pin of a sequential cell or a primary output or inout port. Please validate that all the objects returned by your query belong to this list.
WARNING: [Constraints 18-401] set_max_delay: 'A[28]' is not a valid endpoint. [C:/Users/vaklap/lab5/lab5.srcs/constrs_1/new/constr.xdc:1]
Resolution: A valid end point is a data pin of a sequential cell or a primary output or inout port. Please validate that all the objects returned by your query belong to this list.
WARNING: [Constraints 18-401] set_max_delay: 'A[29]' is not a valid endpoint. [C:/Users/vaklap/lab5/lab5.srcs/constrs_1/new/constr.xdc:1]
Resolution: A valid end point is a data pin of a sequential cell or a primary output or inout port. Please validate that all the objects returned by your query belong to this list.
WARNING: [Constraints 18-401] set_max_delay: 'A[2]' is not a valid endpoint. [C:/Users/vaklap/lab5/lab5.srcs/constrs_1/new/constr.xdc:1]
Resolution: A valid end point is a data pin of a sequential cell or a primary output or inout port. Please validate that all the objects returned by your query belong to this list.
WARNING: [Constraints 18-401] set_max_delay: 'A[30]' is not a valid endpoint. [C:/Users/vaklap/lab5/lab5.srcs/constrs_1/new/constr.xdc:1]
Resolution: A valid end point is a data pin of a sequential cell or a primary output or inout port. Please validate that all the objects returned by your query belong to this list.
WARNING: [Constraints 18-401] set_max_delay: 'A[31]' is not a valid endpoint. [C:/Users/vaklap/lab5/lab5.srcs/constrs_1/new/constr.xdc:1]
Resolution: A valid end point is a data pin of a sequential cell or a primary output or inout port. Please validate that all the objects returned by your query belong to this list.
WARNING: [Constraints 18-401] set_max_delay: 'A[3]' is not a valid endpoint. [C:/Users/vaklap/lab5/lab5.srcs/constrs_1/new/constr.xdc:1]
Resolution: A valid end point is a data pin of a sequential cell or a primary output or inout port. Please validate that all the objects returned by your query belong to this list.
WARNING: [Constraints 18-401] set_max_delay: 'A[4]' is not a valid endpoint. [C:/Users/vaklap/lab5/lab5.srcs/constrs_1/new/constr.xdc:1]
Resolution: A valid end point is a data pin of a sequential cell or a primary output or inout port. Please validate that all the objects returned by your query belong to this list.
WARNING: [Constraints 18-401] set_max_delay: 'A[5]' is not a valid endpoint. [C:/Users/vaklap/lab5/lab5.srcs/constrs_1/new/constr.xdc:1]
Resolution: A valid end point is a data pin of a sequential cell or a primary output or inout port. Please validate that all the objects returned by your query belong to this list.
WARNING: [Constraints 18-401] set_max_delay: 'A[6]' is not a valid endpoint. [C:/Users/vaklap/lab5/lab5.srcs/constrs_1/new/constr.xdc:1]
Resolution: A valid end point is a data pin of a sequential cell or a primary output or inout port. Please validate that all the objects returned by your query belong to this list.
WARNING: [Constraints 18-401] set_max_delay: 'A[7]' is not a valid endpoint. [C:/Users/vaklap/lab5/lab5.srcs/constrs_1/new/constr.xdc:1]
Resolution: A valid end point is a data pin of a sequential cell or a primary output or inout port. Please validate that all the objects returned by your query belong to this list.
WARNING: [Constraints 18-401] set_max_delay: 'A[8]' is not a valid endpoint. [C:/Users/vaklap/lab5/lab5.srcs/constrs_1/new/constr.xdc:1]
Resolution: A valid end point is a data pin of a sequential cell or a primary output or inout port. Please validate that all the objects returned by your query belong to this list.
WARNING: [Constraints 18-401] set_max_delay: 'A[9]' is not a valid endpoint. [C:/Users/vaklap/lab5/lab5.srcs/constrs_1/new/constr.xdc:1]
Resolution: A valid end point is a data pin of a sequential cell or a primary output or inout port. Please validate that all the objects returned by your query belong to this list.
WARNING: [Constraints 18-401] set_max_delay: 'AluOp[0]' is not a valid endpoint. [C:/Users/vaklap/lab5/lab5.srcs/constrs_1/new/constr.xdc:1]
Resolution: A valid end point is a data pin of a sequential cell or a primary output or inout port. Please validate that all the objects returned by your query belong to this list.
WARNING: [Constraints 18-401] set_max_delay: 'AluOp[1]' is not a valid endpoint. [C:/Users/vaklap/lab5/lab5.srcs/constrs_1/new/constr.xdc:1]
Resolution: A valid end point is a data pin of a sequential cell or a primary output or inout port. Please validate that all the objects returned by your query belong to this list.
WARNING: [Constraints 18-401] set_max_delay: 'AluOp[2]' is not a valid endpoint. [C:/Users/vaklap/lab5/lab5.srcs/constrs_1/new/constr.xdc:1]
Resolution: A valid end point is a data pin of a sequential cell or a primary output or inout port. Please validate that all the objects returned by your query belong to this list.
WARNING: [Constraints 18-401] set_max_delay: 'AluOp[3]' is not a valid endpoint. [C:/Users/vaklap/lab5/lab5.srcs/constrs_1/new/constr.xdc:1]
Resolution: A valid end point is a data pin of a sequential cell or a primary output or inout port. Please validate that all the objects returned by your query belong to this list.
WARNING: [Constraints 18-401] set_max_delay: 'B[0]' is not a valid endpoint. [C:/Users/vaklap/lab5/lab5.srcs/constrs_1/new/constr.xdc:1]
Resolution: A valid end point is a data pin of a sequential cell or a primary output or inout port. Please validate that all the objects returned by your query belong to this list.
WARNING: [Constraints 18-401] set_max_delay: 'B[10]' is not a valid endpoint. [C:/Users/vaklap/lab5/lab5.srcs/constrs_1/new/constr.xdc:1]
Resolution: A valid end point is a data pin of a sequential cell or a primary output or inout port. Please validate that all the objects returned by your query belong to this list.
WARNING: [Constraints 18-401] set_max_delay: 'B[11]' is not a valid endpoint. [C:/Users/vaklap/lab5/lab5.srcs/constrs_1/new/constr.xdc:1]
Resolution: A valid end point is a data pin of a sequential cell or a primary output or inout port. Please validate that all the objects returned by your query belong to this list.
WARNING: [Constraints 18-401] set_max_delay: 'B[12]' is not a valid endpoint. [C:/Users/vaklap/lab5/lab5.srcs/constrs_1/new/constr.xdc:1]
Resolution: A valid end point is a data pin of a sequential cell or a primary output or inout port. Please validate that all the objects returned by your query belong to this list.
WARNING: [Constraints 18-401] set_max_delay: 'B[13]' is not a valid endpoint. [C:/Users/vaklap/lab5/lab5.srcs/constrs_1/new/constr.xdc:1]
Resolution: A valid end point is a data pin of a sequential cell or a primary output or inout port. Please validate that all the objects returned by your query belong to this list.
WARNING: [Constraints 18-401] set_max_delay: 'B[14]' is not a valid endpoint. [C:/Users/vaklap/lab5/lab5.srcs/constrs_1/new/constr.xdc:1]
Resolution: A valid end point is a data pin of a sequential cell or a primary output or inout port. Please validate that all the objects returned by your query belong to this list.
WARNING: [Constraints 18-401] set_max_delay: 'B[15]' is not a valid endpoint. [C:/Users/vaklap/lab5/lab5.srcs/constrs_1/new/constr.xdc:1]
Resolution: A valid end point is a data pin of a sequential cell or a primary output or inout port. Please validate that all the objects returned by your query belong to this list.
WARNING: [Constraints 18-401] set_max_delay: 'B[16]' is not a valid endpoint. [C:/Users/vaklap/lab5/lab5.srcs/constrs_1/new/constr.xdc:1]
Resolution: A valid end point is a data pin of a sequential cell or a primary output or inout port. Please validate that all the objects returned by your query belong to this list.
WARNING: [Constraints 18-401] set_max_delay: 'B[17]' is not a valid endpoint. [C:/Users/vaklap/lab5/lab5.srcs/constrs_1/new/constr.xdc:1]
Resolution: A valid end point is a data pin of a sequential cell or a primary output or inout port. Please validate that all the objects returned by your query belong to this list.
WARNING: [Constraints 18-401] set_max_delay: 'B[18]' is not a valid endpoint. [C:/Users/vaklap/lab5/lab5.srcs/constrs_1/new/constr.xdc:1]
Resolution: A valid end point is a data pin of a sequential cell or a primary output or inout port. Please validate that all the objects returned by your query belong to this list.
WARNING: [Constraints 18-401] set_max_delay: 'B[19]' is not a valid endpoint. [C:/Users/vaklap/lab5/lab5.srcs/constrs_1/new/constr.xdc:1]
Resolution: A valid end point is a data pin of a sequential cell or a primary output or inout port. Please validate that all the objects returned by your query belong to this list.
WARNING: [Constraints 18-401] set_max_delay: 'B[1]' is not a valid endpoint. [C:/Users/vaklap/lab5/lab5.srcs/constrs_1/new/constr.xdc:1]
Resolution: A valid end point is a data pin of a sequential cell or a primary output or inout port. Please validate that all the objects returned by your query belong to this list.
WARNING: [Constraints 18-401] set_max_delay: 'B[20]' is not a valid endpoint. [C:/Users/vaklap/lab5/lab5.srcs/constrs_1/new/constr.xdc:1]
Resolution: A valid end point is a data pin of a sequential cell or a primary output or inout port. Please validate that all the objects returned by your query belong to this list.
WARNING: [Constraints 18-401] set_max_delay: 'B[21]' is not a valid endpoint. [C:/Users/vaklap/lab5/lab5.srcs/constrs_1/new/constr.xdc:1]
Resolution: A valid end point is a data pin of a sequential cell or a primary output or inout port. Please validate that all the objects returned by your query belong to this list.
WARNING: [Constraints 18-401] set_max_delay: 'B[22]' is not a valid endpoint. [C:/Users/vaklap/lab5/lab5.srcs/constrs_1/new/constr.xdc:1]
Resolution: A valid end point is a data pin of a sequential cell or a primary output or inout port. Please validate that all the objects returned by your query belong to this list.
WARNING: [Constraints 18-401] set_max_delay: 'B[23]' is not a valid endpoint. [C:/Users/vaklap/lab5/lab5.srcs/constrs_1/new/constr.xdc:1]
Resolution: A valid end point is a data pin of a sequential cell or a primary output or inout port. Please validate that all the objects returned by your query belong to this list.
WARNING: [Constraints 18-401] set_max_delay: 'B[24]' is not a valid endpoint. [C:/Users/vaklap/lab5/lab5.srcs/constrs_1/new/constr.xdc:1]
Resolution: A valid end point is a data pin of a sequential cell or a primary output or inout port. Please validate that all the objects returned by your query belong to this list.
WARNING: [Constraints 18-401] set_max_delay: 'B[25]' is not a valid endpoint. [C:/Users/vaklap/lab5/lab5.srcs/constrs_1/new/constr.xdc:1]
Resolution: A valid end point is a data pin of a sequential cell or a primary output or inout port. Please validate that all the objects returned by your query belong to this list.
WARNING: [Constraints 18-401] set_max_delay: 'B[26]' is not a valid endpoint. [C:/Users/vaklap/lab5/lab5.srcs/constrs_1/new/constr.xdc:1]
Resolution: A valid end point is a data pin of a sequential cell or a primary output or inout port. Please validate that all the objects returned by your query belong to this list.
WARNING: [Constraints 18-401] set_max_delay: 'B[27]' is not a valid endpoint. [C:/Users/vaklap/lab5/lab5.srcs/constrs_1/new/constr.xdc:1]
Resolution: A valid end point is a data pin of a sequential cell or a primary output or inout port. Please validate that all the objects returned by your query belong to this list.
WARNING: [Constraints 18-401] set_max_delay: 'B[28]' is not a valid endpoint. [C:/Users/vaklap/lab5/lab5.srcs/constrs_1/new/constr.xdc:1]
Resolution: A valid end point is a data pin of a sequential cell or a primary output or inout port. Please validate that all the objects returned by your query belong to this list.
WARNING: [Constraints 18-401] set_max_delay: 'B[29]' is not a valid endpoint. [C:/Users/vaklap/lab5/lab5.srcs/constrs_1/new/constr.xdc:1]
Resolution: A valid end point is a data pin of a sequential cell or a primary output or inout port. Please validate that all the objects returned by your query belong to this list.
WARNING: [Constraints 18-401] set_max_delay: 'B[2]' is not a valid endpoint. [C:/Users/vaklap/lab5/lab5.srcs/constrs_1/new/constr.xdc:1]
Resolution: A valid end point is a data pin of a sequential cell or a primary output or inout port. Please validate that all the objects returned by your query belong to this list.
WARNING: [Constraints 18-401] set_max_delay: 'B[30]' is not a valid endpoint. [C:/Users/vaklap/lab5/lab5.srcs/constrs_1/new/constr.xdc:1]
Resolution: A valid end point is a data pin of a sequential cell or a primary output or inout port. Please validate that all the objects returned by your query belong to this list.
WARNING: [Constraints 18-401] set_max_delay: 'B[31]' is not a valid endpoint. [C:/Users/vaklap/lab5/lab5.srcs/constrs_1/new/constr.xdc:1]
Resolution: A valid end point is a data pin of a sequential cell or a primary output or inout port. Please validate that all the objects returned by your query belong to this list.
WARNING: [Constraints 18-401] set_max_delay: 'B[3]' is not a valid endpoint. [C:/Users/vaklap/lab5/lab5.srcs/constrs_1/new/constr.xdc:1]
Resolution: A valid end point is a data pin of a sequential cell or a primary output or inout port. Please validate that all the objects returned by your query belong to this list.
WARNING: [Constraints 18-401] set_max_delay: 'B[4]' is not a valid endpoint. [C:/Users/vaklap/lab5/lab5.srcs/constrs_1/new/constr.xdc:1]
Resolution: A valid end point is a data pin of a sequential cell or a primary output or inout port. Please validate that all the objects returned by your query belong to this list.
WARNING: [Constraints 18-401] set_max_delay: 'B[5]' is not a valid endpoint. [C:/Users/vaklap/lab5/lab5.srcs/constrs_1/new/constr.xdc:1]
Resolution: A valid end point is a data pin of a sequential cell or a primary output or inout port. Please validate that all the objects returned by your query belong to this list.
WARNING: [Constraints 18-401] set_max_delay: 'B[6]' is not a valid endpoint. [C:/Users/vaklap/lab5/lab5.srcs/constrs_1/new/constr.xdc:1]
Resolution: A valid end point is a data pin of a sequential cell or a primary output or inout port. Please validate that all the objects returned by your query belong to this list.
WARNING: [Constraints 18-401] set_max_delay: 'B[7]' is not a valid endpoint. [C:/Users/vaklap/lab5/lab5.srcs/constrs_1/new/constr.xdc:1]
Resolution: A valid end point is a data pin of a sequential cell or a primary output or inout port. Please validate that all the objects returned by your query belong to this list.
WARNING: [Constraints 18-401] set_max_delay: 'B[8]' is not a valid endpoint. [C:/Users/vaklap/lab5/lab5.srcs/constrs_1/new/constr.xdc:1]
Resolution: A valid end point is a data pin of a sequential cell or a primary output or inout port. Please validate that all the objects returned by your query belong to this list.
WARNING: [Constraints 18-401] set_max_delay: 'B[9]' is not a valid endpoint. [C:/Users/vaklap/lab5/lab5.srcs/constrs_1/new/constr.xdc:1]
Resolution: A valid end point is a data pin of a sequential cell or a primary output or inout port. Please validate that all the objects returned by your query belong to this list.
set_max_delay: Time (s): cpu = 00:00:07 ; elapsed = 00:00:08 . Memory (MB): peak = 1250.840 ; gain = 570.453
Finished Parsing XDC File [C:/Users/vaklap/lab5/lab5.srcs/constrs_1/new/constr.xdc]
INFO: [Opt 31-138] Pushed 0 inverter(s) to 0 load pin(s).
Netlist sorting complete. Time (s): cpu = 00:00:00 ; elapsed = 00:00:00 . Memory (MB): peak = 1250.840 ; gain = 0.000
INFO: [Project 1-111] Unisim Transformation Summary:
No Unisim elements were transformed.

8 Infos, 101 Warnings, 0 Critical Warnings and 0 Errors encountered.
link_design completed successfully
link_design: Time (s): cpu = 00:00:14 ; elapsed = 00:00:14 . Memory (MB): peak = 1250.840 ; gain = 947.984
Command: opt_design
Attempting to get a license for feature 'Implementation' and/or device 'xc7a35t'
INFO: [Common 17-349] Got license for feature 'Implementation' and/or device 'xc7a35t'
Running DRC as a precondition to command opt_design

Starting DRC Task
INFO: [DRC 23-27] Running DRC with 2 threads
INFO: [Project 1-461] DRC finished with 0 Errors
INFO: [Project 1-462] Please refer to the DRC report (report_drc) for more information.

Time (s): cpu = 00:00:00 ; elapsed = 00:00:00.474 . Memory (MB): peak = 1250.840 ; gain = 0.000

Starting Cache Timing Information Task
INFO: [Timing 38-35] Done setting XDC timing constraints.
Ending Cache Timing Information Task | Checksum: 12ce9d413

Time (s): cpu = 00:00:00 ; elapsed = 00:00:00.012 . Memory (MB): peak = 1265.695 ; gain = 14.855

Starting Logic Optimization Task

Phase 1 Retarget
INFO: [Opt 31-138] Pushed 0 inverter(s) to 0 load pin(s).
INFO: [Opt 31-49] Retargeted 0 cell(s).
Phase 1 Retarget | Checksum: 1a2794594

Time (s): cpu = 00:00:00 ; elapsed = 00:00:00.025 . Memory (MB): peak = 1443.480 ; gain = 0.000
INFO: [Opt 31-389] Phase Retarget created 0 cells and removed 1 cells

Phase 2 Constant propagation
INFO: [Opt 31-138] Pushed 0 inverter(s) to 0 load pin(s).
Phase 2 Constant propagation | Checksum: 1a2794594

Time (s): cpu = 00:00:00 ; elapsed = 00:00:00.026 . Memory (MB): peak = 1443.480 ; gain = 0.000
INFO: [Opt 31-389] Phase Constant propagation created 0 cells and removed 0 cells

Phase 3 Sweep
Phase 3 Sweep | Checksum: 1a2794594

Time (s): cpu = 00:00:00 ; elapsed = 00:00:00.030 . Memory (MB): peak = 1443.480 ; gain = 0.000
INFO: [Opt 31-389] Phase Sweep created 0 cells and removed 0 cells

Phase 4 BUFG optimization
INFO: [Opt 31-1112] Starts optimizing BUFG(s) with a common MMCM/DPLL/XPLL driver.
INFO: [Opt 31-1112] Starts optimizing BUFG(s) with a common driver.
INFO: [Opt 31-1092] Phase BUFG optimization transformed 0 BUFG(s) to MBUFG(s).
Phase 4 BUFG optimization | Checksum: 1a2794594

Time (s): cpu = 00:00:00 ; elapsed = 00:00:00.038 . Memory (MB): peak = 1443.480 ; gain = 0.000
INFO: [Opt 31-662] Phase BUFG optimization created 0 cells of which 0 are BUFGs and removed 0 cells.

Phase 5 Shift Register Optimization
INFO: [Opt 31-1064] SRL Remap converted 0 SRLs to 0 registers and converted 0 registers of register chains to 0 SRLs
Phase 5 Shift Register Optimization | Checksum: 1a2794594

Time (s): cpu = 00:00:00 ; elapsed = 00:00:00.041 . Memory (MB): peak = 1443.480 ; gain = 0.000
INFO: [Opt 31-389] Phase Shift Register Optimization created 0 cells and removed 0 cells

Phase 6 Post Processing Netlist
Phase 6 Post Processing Netlist | Checksum: 1a2794594

Time (s): cpu = 00:00:00 ; elapsed = 00:00:00.042 . Memory (MB): peak = 1443.480 ; gain = 0.000
INFO: [Opt 31-389] Phase Post Processing Netlist created 0 cells and removed 0 cells
Opt_design Change Summary
=========================


-------------------------------------------------------------------------------------------------------------------------
|  Phase                        |  #Cells created  |  #Cells Removed  |  #Constrained objects preventing optimizations  |
-------------------------------------------------------------------------------------------------------------------------
|  Retarget                     |               0  |               1  |                                              0  |
|  Constant propagation         |               0  |               0  |                                              0  |
|  Sweep                        |               0  |               0  |                                              0  |
|  BUFG optimization            |               0  |               0  |                                              0  |
|  Shift Register Optimization  |               0  |               0  |                                              0  |
|  Post Processing Netlist      |               0  |               0  |                                              0  |
-------------------------------------------------------------------------------------------------------------------------



Starting Connectivity Check Task

Time (s): cpu = 00:00:00 ; elapsed = 00:00:00.001 . Memory (MB): peak = 1443.480 ; gain = 0.000
Ending Logic Optimization Task | Checksum: 1a2794594

Time (s): cpu = 00:00:00 ; elapsed = 00:00:00.045 . Memory (MB): peak = 1443.480 ; gain = 0.000

Starting Power Optimization Task
INFO: [Pwropt 34-132] Skipping clock gating for clocks with a period < 2.00 ns.
Ending Power Optimization Task | Checksum: 1a2794594

Time (s): cpu = 00:00:00 ; elapsed = 00:00:00.007 . Memory (MB): peak = 1443.480 ; gain = 0.000

Starting Final Cleanup Task
Ending Final Cleanup Task | Checksum: 1a2794594

Time (s): cpu = 00:00:00 ; elapsed = 00:00:00 . Memory (MB): peak = 1443.480 ; gain = 0.000

Starting Netlist Obfuscation Task
Netlist sorting complete. Time (s): cpu = 00:00:00 ; elapsed = 00:00:00 . Memory (MB): peak = 1443.480 ; gain = 0.000
Ending Netlist Obfuscation Task | Checksum: 1a2794594

Time (s): cpu = 00:00:00 ; elapsed = 00:00:00 . Memory (MB): peak = 1443.480 ; gain = 0.000
INFO: [Common 17-83] Releasing license: Implementation
28 Infos, 101 Warnings, 0 Critical Warnings and 0 Errors encountered.
opt_design completed successfully
Netlist sorting complete. Time (s): cpu = 00:00:00 ; elapsed = 00:00:00 . Memory (MB): peak = 1443.480 ; gain = 0.000
INFO: [Timing 38-480] Writing timing data to binary archive.
INFO: [Common 17-1381] The checkpoint 'C:/Users/vaklap/lab5/lab5.runs/impl_1/Alu_opt.dcp' has been generated.
INFO: [runtcl-4] Executing : report_drc -file Alu_drc_opted.rpt -pb Alu_drc_opted.pb -rpx Alu_drc_opted.rpx
Command: report_drc -file Alu_drc_opted.rpt -pb Alu_drc_opted.pb -rpx Alu_drc_opted.rpx
INFO: [IP_Flow 19-234] Refreshing IP repositories
INFO: [IP_Flow 19-1704] No user IP repositories specified
INFO: [IP_Flow 19-2313] Loaded Vivado IP repository 'C:/Apps/Xilinx/Vivado/2019.2/data/ip'.
INFO: [DRC 23-27] Running DRC with 2 threads
INFO: [Coretcl 2-168] The results of DRC are in file C:/Users/vaklap/lab5/lab5.runs/impl_1/Alu_drc_opted.rpt.
report_drc completed successfully
Command: place_design
Attempting to get a license for feature 'Implementation' and/or device 'xc7a35t'
INFO: [Common 17-349] Got license for feature 'Implementation' and/or device 'xc7a35t'
INFO: [DRC 23-27] Running DRC with 2 threads
INFO: [Vivado_Tcl 4-198] DRC finished with 0 Errors
INFO: [Vivado_Tcl 4-199] Please refer to the DRC report (report_drc) for more information.
Running DRC as a precondition to command place_design
INFO: [DRC 23-27] Running DRC with 2 threads
INFO: [Vivado_Tcl 4-198] DRC finished with 0 Errors
INFO: [Vivado_Tcl 4-199] Please refer to the DRC report (report_drc) for more information.

Starting Placer Task
INFO: [Place 30-611] Multithreading enabled for place_design using a maximum of 2 CPUs

Phase 1 Placer Initialization

Phase 1.1 Placer Initialization Netlist Sorting
Netlist sorting complete. Time (s): cpu = 00:00:00 ; elapsed = 00:00:00 . Memory (MB): peak = 1443.480 ; gain = 0.000
Phase 1.1 Placer Initialization Netlist Sorting | Checksum: bd470fa7

Time (s): cpu = 00:00:00 ; elapsed = 00:00:00.004 . Memory (MB): peak = 1443.480 ; gain = 0.000
Netlist sorting complete. Time (s): cpu = 00:00:00 ; elapsed = 00:00:00 . Memory (MB): peak = 1443.480 ; gain = 0.000

Phase 1.2 IO Placement/ Clock Placement/ Build Placer Device
INFO: [Timing 38-35] Done setting XDC timing constraints.
Phase 1.2 IO Placement/ Clock Placement/ Build Placer Device | Checksum: 15c6bb3cf

Time (s): cpu = 00:00:01 ; elapsed = 00:00:00.570 . Memory (MB): peak = 1443.480 ; gain = 0.000

Phase 1.3 Build Placer Netlist Model
Phase 1.3 Build Placer Netlist Model | Checksum: 202789ead

Time (s): cpu = 00:00:01 ; elapsed = 00:00:00.677 . Memory (MB): peak = 1443.480 ; gain = 0.000

Phase 1.4 Constrain Clocks/Macros
Phase 1.4 Constrain Clocks/Macros | Checksum: 202789ead

Time (s): cpu = 00:00:01 ; elapsed = 00:00:00.681 . Memory (MB): peak = 1443.480 ; gain = 0.000
Phase 1 Placer Initialization | Checksum: 202789ead

Time (s): cpu = 00:00:01 ; elapsed = 00:00:00.686 . Memory (MB): peak = 1443.480 ; gain = 0.000

Phase 2 Global Placement

Phase 2.1 Floorplanning
Phase 2.1 Floorplanning | Checksum: 15d7cd29d

Time (s): cpu = 00:00:01 ; elapsed = 00:00:00.791 . Memory (MB): peak = 1443.480 ; gain = 0.000

Phase 2.2 Global Placement Core

Phase 2.2.1 Physical Synthesis In Placer
INFO: [Physopt 32-775] End 1 Pass. Optimized 7 nets or cells. Created 7 new cells, deleted 0 existing cell and moved 0 existing cell
INFO: [Physopt 32-65] No nets found for high-fanout optimization.
INFO: [Physopt 32-232] Optimized 0 net. Created 0 new instance.
INFO: [Physopt 32-775] End 1 Pass. Optimized 0 net or cell. Created 0 new cell, deleted 0 existing cell and moved 0 existing cell
INFO: [Physopt 32-456] No candidate cells for DSP register optimization found in the design.
INFO: [Physopt 32-775] End 2 Pass. Optimized 0 net or cell. Created 0 new cell, deleted 0 existing cell and moved 0 existing cell
INFO: [Physopt 32-775] End 1 Pass. Optimized 0 net or cell. Created 0 new cell, deleted 0 existing cell and moved 0 existing cell
INFO: [Physopt 32-677] No candidate cells for Shift Register optimization found in the design
INFO: [Physopt 32-775] End 1 Pass. Optimized 0 net or cell. Created 0 new cell, deleted 0 existing cell and moved 0 existing cell
INFO: [Physopt 32-526] No candidate cells for BRAM register optimization found in the design
INFO: [Physopt 32-775] End 1 Pass. Optimized 0 net or cell. Created 0 new cell, deleted 0 existing cell and moved 0 existing cell
INFO: [Physopt 32-949] No candidate nets found for HD net replication
INFO: [Physopt 32-775] End 1 Pass. Optimized 0 net or cell. Created 0 new cell, deleted 0 existing cell and moved 0 existing cell
Netlist sorting complete. Time (s): cpu = 00:00:00 ; elapsed = 00:00:00 . Memory (MB): peak = 1443.480 ; gain = 0.000

Summary of Physical Synthesis Optimizations
============================================


-----------------------------------------------------------------------------------------------------------------------------------------------------------
|  Optimization                                     |  Added Cells  |  Removed Cells  |  Optimized Cells/Nets  |  Dont Touch  |  Iterations  |  Elapsed   |
-----------------------------------------------------------------------------------------------------------------------------------------------------------
|  LUT Combining                                    |            7  |              0  |                     7  |           0  |           1  |  00:00:00  |
|  Very High Fanout                                 |            0  |              0  |                     0  |           0  |           1  |  00:00:00  |
|  DSP Register                                     |            0  |              0  |                     0  |           0  |           1  |  00:00:00  |
|  Shift Register to Pipeline                       |            0  |              0  |                     0  |           0  |           1  |  00:00:00  |
|  Shift Register                                   |            0  |              0  |                     0  |           0  |           1  |  00:00:00  |
|  BRAM Register                                    |            0  |              0  |                     0  |           0  |           1  |  00:00:00  |
|  Dynamic/Static Region Interface Net Replication  |            0  |              0  |                     0  |           0  |           1  |  00:00:00  |
|  Total                                            |            7  |              0  |                     7  |           0  |           7  |  00:00:00  |
-----------------------------------------------------------------------------------------------------------------------------------------------------------


Phase 2.2.1 Physical Synthesis In Placer | Checksum: 126a113d9

Time (s): cpu = 00:00:03 ; elapsed = 00:00:01 . Memory (MB): peak = 1443.480 ; gain = 0.000
Phase 2.2 Global Placement Core | Checksum: 1dc6fe026

Time (s): cpu = 00:00:03 ; elapsed = 00:00:02 . Memory (MB): peak = 1443.480 ; gain = 0.000
Phase 2 Global Placement | Checksum: 1dc6fe026

Time (s): cpu = 00:00:03 ; elapsed = 00:00:02 . Memory (MB): peak = 1443.480 ; gain = 0.000

Phase 3 Detail Placement

Phase 3.1 Commit Multi Column Macros
Phase 3.1 Commit Multi Column Macros | Checksum: 1c63b5b48

Time (s): cpu = 00:00:03 ; elapsed = 00:00:02 . Memory (MB): peak = 1443.480 ; gain = 0.000

Phase 3.2 Commit Most Macros & LUTRAMs
Phase 3.2 Commit Most Macros & LUTRAMs | Checksum: 190d79a8d

Time (s): cpu = 00:00:03 ; elapsed = 00:00:02 . Memory (MB): peak = 1443.480 ; gain = 0.000

Phase 3.3 Area Swap Optimization
Phase 3.3 Area Swap Optimization | Checksum: 129a8a741

Time (s): cpu = 00:00:03 ; elapsed = 00:00:02 . Memory (MB): peak = 1443.480 ; gain = 0.000

Phase 3.4 Pipeline Register Optimization
Phase 3.4 Pipeline Register Optimization | Checksum: 16353dd3b

Time (s): cpu = 00:00:03 ; elapsed = 00:00:02 . Memory (MB): peak = 1443.480 ; gain = 0.000

Phase 3.5 Fast Optimization
Phase 3.5 Fast Optimization | Checksum: 15e27098e

Time (s): cpu = 00:00:04 ; elapsed = 00:00:02 . Memory (MB): peak = 1443.480 ; gain = 0.000

Phase 3.6 Small Shape Detail Placement
Phase 3.6 Small Shape Detail Placement | Checksum: 106797e77

Time (s): cpu = 00:00:04 ; elapsed = 00:00:02 . Memory (MB): peak = 1443.480 ; gain = 0.000

Phase 3.7 Re-assign LUT pins
Phase 3.7 Re-assign LUT pins | Checksum: 173764c5b

Time (s): cpu = 00:00:04 ; elapsed = 00:00:02 . Memory (MB): peak = 1443.480 ; gain = 0.000

Phase 3.8 Pipeline Register Optimization
Phase 3.8 Pipeline Register Optimization | Checksum: 141cd0261

Time (s): cpu = 00:00:04 ; elapsed = 00:00:02 . Memory (MB): peak = 1443.480 ; gain = 0.000

Phase 3.9 Fast Optimization
Phase 3.9 Fast Optimization | Checksum: 18b34f8ff

Time (s): cpu = 00:00:04 ; elapsed = 00:00:03 . Memory (MB): peak = 1443.480 ; gain = 0.000
Phase 3 Detail Placement | Checksum: 18b34f8ff

Time (s): cpu = 00:00:04 ; elapsed = 00:00:03 . Memory (MB): peak = 1443.480 ; gain = 0.000

Phase 4 Post Placement Optimization and Clean-Up

Phase 4.1 Post Commit Optimization
INFO: [Timing 38-35] Done setting XDC timing constraints.

Phase 4.1.1 Post Placement Optimization
Post Placement Optimization Initialization | Checksum: 194af1837

Phase 4.1.1.1 BUFG Insertion
INFO: [Place 46-56] BUFG insertion identified 0 candidate nets. Inserted BUFG: 0, Replicated BUFG Driver: 0, Skipped due to Placement/Routing Conflicts: 0, Skipped due to Timing Degradation: 0, Skipped due to Illegal Netlist: 0.
Phase 4.1.1.1 BUFG Insertion | Checksum: 194af1837

Time (s): cpu = 00:00:04 ; elapsed = 00:00:03 . Memory (MB): peak = 1445.141 ; gain = 1.660
INFO: [Place 30-746] Post Placement Timing Summary WNS=0.681. For the most accurate timing information please run report_timing.
Phase 4.1.1 Post Placement Optimization | Checksum: 91baeaa7

Time (s): cpu = 00:00:05 ; elapsed = 00:00:03 . Memory (MB): peak = 1445.141 ; gain = 1.660
Phase 4.1 Post Commit Optimization | Checksum: 91baeaa7

Time (s): cpu = 00:00:05 ; elapsed = 00:00:03 . Memory (MB): peak = 1445.141 ; gain = 1.660

Phase 4.2 Post Placement Cleanup
Phase 4.2 Post Placement Cleanup | Checksum: 91baeaa7

Time (s): cpu = 00:00:05 ; elapsed = 00:00:03 . Memory (MB): peak = 1445.141 ; gain = 1.660

Phase 4.3 Placer Reporting
Phase 4.3 Placer Reporting | Checksum: 91baeaa7

Time (s): cpu = 00:00:05 ; elapsed = 00:00:03 . Memory (MB): peak = 1445.141 ; gain = 1.660

Phase 4.4 Final Placement Cleanup
Netlist sorting complete. Time (s): cpu = 00:00:00 ; elapsed = 00:00:00 . Memory (MB): peak = 1445.141 ; gain = 0.000
Phase 4.4 Final Placement Cleanup | Checksum: 91baeaa7

Time (s): cpu = 00:00:05 ; elapsed = 00:00:03 . Memory (MB): peak = 1445.141 ; gain = 1.660
Phase 4 Post Placement Optimization and Clean-Up | Checksum: 91baeaa7

Time (s): cpu = 00:00:05 ; elapsed = 00:00:03 . Memory (MB): peak = 1445.141 ; gain = 1.660
Ending Placer Task | Checksum: 5e8275b0

Time (s): cpu = 00:00:05 ; elapsed = 00:00:03 . Memory (MB): peak = 1445.141 ; gain = 1.660
INFO: [Common 17-83] Releasing license: Implementation
62 Infos, 101 Warnings, 0 Critical Warnings and 0 Errors encountered.
place_design completed successfully
Netlist sorting complete. Time (s): cpu = 00:00:00 ; elapsed = 00:00:00 . Memory (MB): peak = 1445.141 ; gain = 0.000
INFO: [Timing 38-480] Writing timing data to binary archive.
Writing placer database...
Writing XDEF routing.
Writing XDEF routing logical nets.
Writing XDEF routing special nets.
Write XDEF Complete: Time (s): cpu = 00:00:00 ; elapsed = 00:00:00.053 . Memory (MB): peak = 1445.141 ; gain = 0.000
INFO: [Common 17-1381] The checkpoint 'C:/Users/vaklap/lab5/lab5.runs/impl_1/Alu_placed.dcp' has been generated.
INFO: [runtcl-4] Executing : report_io -file Alu_io_placed.rpt
report_io: Time (s): cpu = 00:00:00 ; elapsed = 00:00:00.064 . Memory (MB): peak = 1445.141 ; gain = 0.000
INFO: [runtcl-4] Executing : report_utilization -file Alu_utilization_placed.rpt -pb Alu_utilization_placed.pb
INFO: [runtcl-4] Executing : report_control_sets -verbose -file Alu_control_sets_placed.rpt
report_control_sets: Time (s): cpu = 00:00:00 ; elapsed = 00:00:00.001 . Memory (MB): peak = 1445.141 ; gain = 0.000
Command: phys_opt_design
Attempting to get a license for feature 'Implementation' and/or device 'xc7a35t'
INFO: [Common 17-349] Got license for feature 'Implementation' and/or device 'xc7a35t'
INFO: [Vivado_Tcl 4-383] Design worst setup slack (WNS) is greater than or equal to 0.250 ns. Skipping all physical synthesis optimizations.
INFO: [Vivado_Tcl 4-232] No setup violation found. The netlist was not modified.
INFO: [Common 17-83] Releasing license: Implementation
71 Infos, 101 Warnings, 0 Critical Warnings and 0 Errors encountered.
phys_opt_design completed successfully
Netlist sorting complete. Time (s): cpu = 00:00:00 ; elapsed = 00:00:00 . Memory (MB): peak = 1459.656 ; gain = 0.000
INFO: [Timing 38-480] Writing timing data to binary archive.
Writing placer database...
Writing XDEF routing.
Writing XDEF routing logical nets.
Writing XDEF routing special nets.
Write XDEF Complete: Time (s): cpu = 00:00:00 ; elapsed = 00:00:00.045 . Memory (MB): peak = 1477.484 ; gain = 17.828
INFO: [Common 17-1381] The checkpoint 'C:/Users/vaklap/lab5/lab5.runs/impl_1/Alu_physopt.dcp' has been generated.
Command: route_design
Attempting to get a license for feature 'Implementation' and/or device 'xc7a35t'
INFO: [Common 17-349] Got license for feature 'Implementation' and/or device 'xc7a35t'
Running DRC as a precondition to command route_design
INFO: [DRC 23-27] Running DRC with 2 threads
INFO: [Vivado_Tcl 4-198] DRC finished with 0 Errors
INFO: [Vivado_Tcl 4-199] Please refer to the DRC report (report_drc) for more information.


Starting Routing Task
INFO: [Route 35-254] Multithreading enabled for route_design using a maximum of 2 CPUs
Checksum: PlaceDB: 14a79dfd ConstDB: 0 ShapeSum: 49dad7b3 RouteDB: 0

Phase 1 Build RT Design
Phase 1 Build RT Design | Checksum: 11be06ba4

Time (s): cpu = 00:00:24 ; elapsed = 00:00:23 . Memory (MB): peak = 1571.652 ; gain = 81.086
Post Restoration Checksum: NetGraph: 3c55e82a NumContArr: df8a837a Constraints: 0 Timing: 0

Phase 2 Router Initialization

Phase 2.1 Create Timer
Phase 2.1 Create Timer | Checksum: 11be06ba4

Time (s): cpu = 00:00:24 ; elapsed = 00:00:23 . Memory (MB): peak = 1571.652 ; gain = 81.086

Phase 2.2 Fix Topology Constraints
Phase 2.2 Fix Topology Constraints | Checksum: 11be06ba4

Time (s): cpu = 00:00:24 ; elapsed = 00:00:23 . Memory (MB): peak = 1577.645 ; gain = 87.078

Phase 2.3 Pre Route Cleanup
Phase 2.3 Pre Route Cleanup | Checksum: 11be06ba4

Time (s): cpu = 00:00:24 ; elapsed = 00:00:23 . Memory (MB): peak = 1577.645 ; gain = 87.078
 Number of Nodes with overlaps = 0

Phase 2.4 Update Timing
Phase 2.4 Update Timing | Checksum: 8438a231

Time (s): cpu = 00:00:25 ; elapsed = 00:00:23 . Memory (MB): peak = 1579.035 ; gain = 88.469
INFO: [Route 35-416] Intermediate Timing Summary | WNS=0.822  | TNS=0.000  | WHS=N/A    | THS=N/A    |

Phase 2 Router Initialization | Checksum: 9f03c547

Time (s): cpu = 00:00:25 ; elapsed = 00:00:23 . Memory (MB): peak = 1579.035 ; gain = 88.469

Router Utilization Summary
  Global Vertical Routing Utilization    = 0 %
  Global Horizontal Routing Utilization  = 0 %
  Routable Net Status*
  *Does not include unroutable nets such as driverless and loadless.
  Run report_route_status for detailed report.
  Number of Failed Nets               = 194
    (Failed Nets is the sum of unrouted and partially routed nets)
  Number of Unrouted Nets             = 194
  Number of Partially Routed Nets     = 0
  Number of Node Overlaps             = 0


Phase 3 Initial Routing
Phase 3 Initial Routing | Checksum: 20736e807

Time (s): cpu = 00:00:25 ; elapsed = 00:00:23 . Memory (MB): peak = 1581.094 ; gain = 90.527

Phase 4 Rip-up And Reroute

Phase 4.1 Global Iteration 0
 Number of Nodes with overlaps = 51
 Number of Nodes with overlaps = 20
 Number of Nodes with overlaps = 18
 Number of Nodes with overlaps = 14
 Number of Nodes with overlaps = 12
 Number of Nodes with overlaps = 8
 Number of Nodes with overlaps = 6
 Number of Nodes with overlaps = 4
 Number of Nodes with overlaps = 2
 Number of Nodes with overlaps = 2
 Number of Nodes with overlaps = 1
 Number of Nodes with overlaps = 1
 Number of Nodes with overlaps = 1
 Number of Nodes with overlaps = 0
INFO: [Route 35-416] Intermediate Timing Summary | WNS=0.929  | TNS=0.000  | WHS=N/A    | THS=N/A    |

Phase 4.1 Global Iteration 0 | Checksum: 1e4f3e268

Time (s): cpu = 00:00:27 ; elapsed = 00:00:26 . Memory (MB): peak = 1582.141 ; gain = 91.574
Phase 4 Rip-up And Reroute | Checksum: 1e4f3e268

Time (s): cpu = 00:00:27 ; elapsed = 00:00:26 . Memory (MB): peak = 1582.141 ; gain = 91.574

Phase 5 Delay and Skew Optimization

Phase 5.1 Delay CleanUp
Phase 5.1 Delay CleanUp | Checksum: 1e4f3e268

Time (s): cpu = 00:00:27 ; elapsed = 00:00:26 . Memory (MB): peak = 1582.141 ; gain = 91.574

Phase 5.2 Clock Skew Optimization
Phase 5.2 Clock Skew Optimization | Checksum: 1e4f3e268

Time (s): cpu = 00:00:27 ; elapsed = 00:00:26 . Memory (MB): peak = 1582.141 ; gain = 91.574
Phase 5 Delay and Skew Optimization | Checksum: 1e4f3e268

Time (s): cpu = 00:00:27 ; elapsed = 00:00:26 . Memory (MB): peak = 1582.141 ; gain = 91.574

Phase 6 Post Hold Fix

Phase 6.1 Hold Fix Iter

Phase 6.1.1 Update Timing
Phase 6.1.1 Update Timing | Checksum: 1e4f3e268

Time (s): cpu = 00:00:27 ; elapsed = 00:00:26 . Memory (MB): peak = 1582.141 ; gain = 91.574
INFO: [Route 35-416] Intermediate Timing Summary | WNS=0.929  | TNS=0.000  | WHS=N/A    | THS=N/A    |

Phase 6.1 Hold Fix Iter | Checksum: 1e4f3e268

Time (s): cpu = 00:00:27 ; elapsed = 00:00:26 . Memory (MB): peak = 1582.141 ; gain = 91.574
Phase 6 Post Hold Fix | Checksum: 1e4f3e268

Time (s): cpu = 00:00:27 ; elapsed = 00:00:26 . Memory (MB): peak = 1582.141 ; gain = 91.574

Phase 7 Route finalize

Router Utilization Summary
  Global Vertical Routing Utilization    = 0.46217 %
  Global Horizontal Routing Utilization  = 0.374805 %
  Routable Net Status*
  *Does not include unroutable nets such as driverless and loadless.
  Run report_route_status for detailed report.
  Number of Failed Nets               = 0
    (Failed Nets is the sum of unrouted and partially routed nets)
  Number of Unrouted Nets             = 0
  Number of Partially Routed Nets     = 0
  Number of Node Overlaps             = 0

Phase 7 Route finalize | Checksum: 12baec07c

Time (s): cpu = 00:00:27 ; elapsed = 00:00:26 . Memory (MB): peak = 1582.141 ; gain = 91.574

Phase 8 Verifying routed nets

 Verification completed successfully
Phase 8 Verifying routed nets | Checksum: 12baec07c

Time (s): cpu = 00:00:27 ; elapsed = 00:00:26 . Memory (MB): peak = 1583.121 ; gain = 92.555

Phase 9 Depositing Routes
Phase 9 Depositing Routes | Checksum: 135a95683

Time (s): cpu = 00:00:27 ; elapsed = 00:00:26 . Memory (MB): peak = 1583.121 ; gain = 92.555

Phase 10 Post Router Timing
INFO: [Route 35-57] Estimated Timing Summary | WNS=0.929  | TNS=0.000  | WHS=N/A    | THS=N/A    |

INFO: [Route 35-327] The final timing numbers are based on the router estimated timing analysis. For a complete and accurate timing signoff, please run report_timing_summary.
Phase 10 Post Router Timing | Checksum: 135a95683

Time (s): cpu = 00:00:27 ; elapsed = 00:00:26 . Memory (MB): peak = 1583.121 ; gain = 92.555
INFO: [Route 35-16] Router Completed Successfully

Time (s): cpu = 00:00:27 ; elapsed = 00:00:26 . Memory (MB): peak = 1583.121 ; gain = 92.555

Routing Is Done.
INFO: [Common 17-83] Releasing license: Implementation
85 Infos, 101 Warnings, 0 Critical Warnings and 0 Errors encountered.
route_design completed successfully
route_design: Time (s): cpu = 00:00:29 ; elapsed = 00:00:26 . Memory (MB): peak = 1583.121 ; gain = 105.637
Netlist sorting complete. Time (s): cpu = 00:00:00 ; elapsed = 00:00:00 . Memory (MB): peak = 1583.121 ; gain = 0.000
INFO: [Timing 38-480] Writing timing data to binary archive.
Writing placer database...
Writing XDEF routing.
Writing XDEF routing logical nets.
Writing XDEF routing special nets.
Write XDEF Complete: Time (s): cpu = 00:00:00 ; elapsed = 00:00:00.050 . Memory (MB): peak = 1593.004 ; gain = 9.883
INFO: [Common 17-1381] The checkpoint 'C:/Users/vaklap/lab5/lab5.runs/impl_1/Alu_routed.dcp' has been generated.
INFO: [runtcl-4] Executing : report_drc -file Alu_drc_routed.rpt -pb Alu_drc_routed.pb -rpx Alu_drc_routed.rpx
Command: report_drc -file Alu_drc_routed.rpt -pb Alu_drc_routed.pb -rpx Alu_drc_routed.rpx
INFO: [IP_Flow 19-1839] IP Catalog is up to date.
INFO: [DRC 23-27] Running DRC with 2 threads
INFO: [Coretcl 2-168] The results of DRC are in file C:/Users/vaklap/lab5/lab5.runs/impl_1/Alu_drc_routed.rpt.
report_drc completed successfully
INFO: [runtcl-4] Executing : report_methodology -file Alu_methodology_drc_routed.rpt -pb Alu_methodology_drc_routed.pb -rpx Alu_methodology_drc_routed.rpx
Command: report_methodology -file Alu_methodology_drc_routed.rpt -pb Alu_methodology_drc_routed.pb -rpx Alu_methodology_drc_routed.rpx
INFO: [Timing 38-35] Done setting XDC timing constraints.
INFO: [DRC 23-133] Running Methodology with 2 threads
INFO: [Coretcl 2-1520] The results of Report Methodology are in file C:/Users/vaklap/lab5/lab5.runs/impl_1/Alu_methodology_drc_routed.rpt.
report_methodology completed successfully
INFO: [runtcl-4] Executing : report_power -file Alu_power_routed.rpt -pb Alu_power_summary_routed.pb -rpx Alu_power_routed.rpx
Command: report_power -file Alu_power_routed.rpt -pb Alu_power_summary_routed.pb -rpx Alu_power_routed.rpx
INFO: [Timing 38-35] Done setting XDC timing constraints.
WARNING: [Power 33-232] No user defined clocks were found in the design! Power estimation will be inaccurate until this is corrected.
Resolution: Please specify clocks using create_clock/create_generated_clock for sequential elements. For pure combinatorial circuits, please specify a virtual clock, otherwise the vectorless estimation might be inaccurate
Running Vector-less Activity Propagation...

Finished Running Vector-less Activity Propagation
97 Infos, 102 Warnings, 0 Critical Warnings and 0 Errors encountered.
report_power completed successfully
INFO: [runtcl-4] Executing : report_route_status -file Alu_route_status.rpt -pb Alu_route_status.pb
INFO: [runtcl-4] Executing : report_timing_summary -max_paths 10 -file Alu_timing_summary_routed.rpt -pb Alu_timing_summary_routed.pb -rpx Alu_timing_summary_routed.rpx -warn_on_violation 
INFO: [Timing 38-91] UpdateTimingParams: Speed grade: -1, Delay Type: min_max.
INFO: [Timing 38-191] Multithreading enabled for timing update using a maximum of 2 CPUs
INFO: [runtcl-4] Executing : report_incremental_reuse -file Alu_incremental_reuse_routed.rpt
INFO: [Vivado_Tcl 4-1062] Incremental flow is disabled. No incremental reuse Info to report.
INFO: [runtcl-4] Executing : report_clock_utilization -file Alu_clock_utilization_routed.rpt
INFO: [runtcl-4] Executing : report_bus_skew -warn_on_violation -file Alu_bus_skew_routed.rpt -pb Alu_bus_skew_routed.pb -rpx Alu_bus_skew_routed.rpx
INFO: [Timing 38-91] UpdateTimingParams: Speed grade: -1, Delay Type: min_max.
INFO: [Timing 38-191] Multithreading enabled for timing update using a maximum of 2 CPUs
INFO: [Common 17-206] Exiting Vivado at Wed Apr 19 17:51:59 2023...
