Copyright 1986-2019 Xilinx, Inc. All Rights Reserved.
-----------------------------------------------------------------------------------------------------------------------------------------------------------------------------------------------------------------------------------------
| Tool Version : Vivado v.2019.2 (lin64) Build 2708876 Wed Nov  6 21:39:14 MST 2019
| Date         : Wed Mar 29 16:36:10 2023
| Host         : goon running 64-bit EndeavourOS Linux
| Command      : report_methodology -file FourBitAdderSegmentedChoseDisplay_methodology_drc_routed.rpt -pb FourBitAdderSegmentedChoseDisplay_methodology_drc_routed.pb -rpx FourBitAdderSegmentedChoseDisplay_methodology_drc_routed.rpx
| Design       : FourBitAdderSegmentedChoseDisplay
| Device       : xc7a35tcpg236-1
| Speed File   : -1
| Design State : Fully Routed
-----------------------------------------------------------------------------------------------------------------------------------------------------------------------------------------------------------------------------------------

Report Methodology

Table of Contents
-----------------
1. REPORT SUMMARY
2. REPORT DETAILS

1. REPORT SUMMARY
-----------------
            Netlist: netlist
          Floorplan: design_1
      Design limits: <entire design considered>
             Max violations: <unlimited>
             Violations found: 0
+------+----------+-------------+------------+
| Rule | Severity | Description | Violations |
+------+----------+-------------+------------+
+------+----------+-------------+------------+

2. REPORT DETAILS
-----------------

